mode: set
final-project-enigma-clean/delivery/controller/asset_controller.go:17.62,21.16 3 1
final-project-enigma-clean/delivery/controller/asset_controller.go:26.2,27.16 2 1
final-project-enigma-clean/delivery/controller/asset_controller.go:32.2,32.100 1 1
final-project-enigma-clean/delivery/controller/asset_controller.go:21.16,24.3 2 1
final-project-enigma-clean/delivery/controller/asset_controller.go:27.16,30.3 2 1
final-project-enigma-clean/delivery/controller/asset_controller.go:36.60,41.16 4 1
final-project-enigma-clean/delivery/controller/asset_controller.go:55.2,59.16 2 1
final-project-enigma-clean/delivery/controller/asset_controller.go:63.2,67.4 1 1
final-project-enigma-clean/delivery/controller/asset_controller.go:41.16,43.17 2 1
final-project-enigma-clean/delivery/controller/asset_controller.go:48.3,52.9 2 1
final-project-enigma-clean/delivery/controller/asset_controller.go:43.17,46.4 2 1
final-project-enigma-clean/delivery/controller/asset_controller.go:59.16,62.3 2 1
final-project-enigma-clean/delivery/controller/asset_controller.go:70.59,75.16 3 1
final-project-enigma-clean/delivery/controller/asset_controller.go:80.2,83.4 1 1
final-project-enigma-clean/delivery/controller/asset_controller.go:75.16,78.3 2 1
final-project-enigma-clean/delivery/controller/asset_controller.go:86.57,90.16 3 1
final-project-enigma-clean/delivery/controller/asset_controller.go:95.2,96.16 2 1
final-project-enigma-clean/delivery/controller/asset_controller.go:101.2,101.76 1 1
final-project-enigma-clean/delivery/controller/asset_controller.go:90.16,93.3 2 1
final-project-enigma-clean/delivery/controller/asset_controller.go:96.16,99.3 2 1
final-project-enigma-clean/delivery/controller/asset_controller.go:104.57,109.16 3 1
final-project-enigma-clean/delivery/controller/asset_controller.go:114.2,114.76 1 1
final-project-enigma-clean/delivery/controller/asset_controller.go:109.16,112.3 2 1
final-project-enigma-clean/delivery/controller/asset_controller.go:117.35,123.2 5 1
final-project-enigma-clean/delivery/controller/asset_controller.go:125.93,130.2 1 1
final-project-enigma-clean/delivery/controller/category_controller.go:16.69,18.52 2 1
final-project-enigma-clean/delivery/controller/category_controller.go:25.2,26.16 2 1
final-project-enigma-clean/delivery/controller/category_controller.go:32.2,35.23 2 1
final-project-enigma-clean/delivery/controller/category_controller.go:18.52,23.3 2 1
final-project-enigma-clean/delivery/controller/category_controller.go:26.16,31.3 2 1
final-project-enigma-clean/delivery/controller/category_controller.go:37.67,40.16 2 1
final-project-enigma-clean/delivery/controller/category_controller.go:46.2,50.23 2 1
final-project-enigma-clean/delivery/controller/category_controller.go:40.16,45.3 2 1
final-project-enigma-clean/delivery/controller/category_controller.go:52.72,55.16 3 1
final-project-enigma-clean/delivery/controller/category_controller.go:61.2,65.23 2 1
final-project-enigma-clean/delivery/controller/category_controller.go:55.16,60.3 2 1
final-project-enigma-clean/delivery/controller/category_controller.go:69.69,71.52 2 1
final-project-enigma-clean/delivery/controller/category_controller.go:77.2,78.16 2 1
final-project-enigma-clean/delivery/controller/category_controller.go:84.2,86.4 1 1
final-project-enigma-clean/delivery/controller/category_controller.go:71.52,76.3 2 1
final-project-enigma-clean/delivery/controller/category_controller.go:78.16,83.3 2 1
final-project-enigma-clean/delivery/controller/category_controller.go:88.69,90.49 2 1
final-project-enigma-clean/delivery/controller/category_controller.go:96.2,99.4 2 1
final-project-enigma-clean/delivery/controller/category_controller.go:90.49,95.3 2 1
final-project-enigma-clean/delivery/controller/category_controller.go:101.39,107.2 5 1
final-project-enigma-clean/delivery/controller/category_controller.go:109.105,114.2 1 1
final-project-enigma-clean/delivery/controller/manage_asset_controller.go:18.68,21.16 2 1
final-project-enigma-clean/delivery/controller/manage_asset_controller.go:25.2,25.59 1 1
final-project-enigma-clean/delivery/controller/manage_asset_controller.go:21.16,24.3 2 0
final-project-enigma-clean/delivery/controller/manage_asset_controller.go:30.70,33.58 2 1
final-project-enigma-clean/delivery/controller/manage_asset_controller.go:38.2,38.74 1 1
final-project-enigma-clean/delivery/controller/manage_asset_controller.go:43.2,43.42 1 1
final-project-enigma-clean/delivery/controller/manage_asset_controller.go:33.58,36.3 2 1
final-project-enigma-clean/delivery/controller/manage_asset_controller.go:38.74,41.3 2 1
final-project-enigma-clean/delivery/controller/manage_asset_controller.go:47.68,51.16 3 1
final-project-enigma-clean/delivery/controller/manage_asset_controller.go:56.2,56.42 1 1
final-project-enigma-clean/delivery/controller/manage_asset_controller.go:51.16,54.3 2 1
final-project-enigma-clean/delivery/controller/manage_asset_controller.go:58.60,62.16 3 0
final-project-enigma-clean/delivery/controller/manage_asset_controller.go:67.2,68.16 2 0
final-project-enigma-clean/delivery/controller/manage_asset_controller.go:73.2,73.36 1 0
final-project-enigma-clean/delivery/controller/manage_asset_controller.go:62.16,65.3 2 0
final-project-enigma-clean/delivery/controller/manage_asset_controller.go:68.16,71.3 2 0
final-project-enigma-clean/delivery/controller/manage_asset_controller.go:77.70,82.16 4 0
final-project-enigma-clean/delivery/controller/manage_asset_controller.go:86.2,86.44 1 0
final-project-enigma-clean/delivery/controller/manage_asset_controller.go:82.16,85.3 2 0
final-project-enigma-clean/delivery/controller/manage_asset_controller.go:88.40,94.2 5 1
final-project-enigma-clean/delivery/controller/manage_asset_controller.go:96.107,101.2 1 1
final-project-enigma-clean/delivery/controller/staff_controller.go:20.62,22.49 2 1
final-project-enigma-clean/delivery/controller/staff_controller.go:28.2,29.16 2 1
final-project-enigma-clean/delivery/controller/staff_controller.go:35.2,38.23 2 1
final-project-enigma-clean/delivery/controller/staff_controller.go:22.49,27.3 2 1
final-project-enigma-clean/delivery/controller/staff_controller.go:29.16,34.3 2 1
final-project-enigma-clean/delivery/controller/staff_controller.go:40.60,47.16 4 0
final-project-enigma-clean/delivery/controller/staff_controller.go:53.2,58.23 2 0
final-project-enigma-clean/delivery/controller/staff_controller.go:47.16,52.3 2 0
final-project-enigma-clean/delivery/controller/staff_controller.go:60.65,63.16 3 1
final-project-enigma-clean/delivery/controller/staff_controller.go:69.2,73.23 2 1
final-project-enigma-clean/delivery/controller/staff_controller.go:63.16,68.3 2 1
final-project-enigma-clean/delivery/controller/staff_controller.go:76.67,79.16 3 1
final-project-enigma-clean/delivery/controller/staff_controller.go:85.2,89.23 2 1
final-project-enigma-clean/delivery/controller/staff_controller.go:79.16,84.3 2 1
final-project-enigma-clean/delivery/controller/staff_controller.go:91.62,93.49 2 1
final-project-enigma-clean/delivery/controller/staff_controller.go:99.2,100.16 2 1
final-project-enigma-clean/delivery/controller/staff_controller.go:106.2,108.4 1 1
final-project-enigma-clean/delivery/controller/staff_controller.go:93.49,98.3 2 1
final-project-enigma-clean/delivery/controller/staff_controller.go:100.16,105.3 2 1
final-project-enigma-clean/delivery/controller/staff_controller.go:110.62,112.52 2 1
final-project-enigma-clean/delivery/controller/staff_controller.go:118.2,121.4 2 1
final-project-enigma-clean/delivery/controller/staff_controller.go:112.52,117.3 2 1
final-project-enigma-clean/delivery/controller/staff_controller.go:124.68,129.16 4 0
final-project-enigma-clean/delivery/controller/staff_controller.go:133.2,133.44 1 0
final-project-enigma-clean/delivery/controller/staff_controller.go:129.16,132.3 2 0
final-project-enigma-clean/delivery/controller/staff_controller.go:136.35,144.2 7 1
final-project-enigma-clean/delivery/controller/staff_controller.go:146.93,151.2 1 1
final-project-enigma-clean/delivery/controller/type_asset_controller.go:19.70,21.53 2 1
final-project-enigma-clean/delivery/controller/type_asset_controller.go:28.2,29.16 2 1
final-project-enigma-clean/delivery/controller/type_asset_controller.go:35.2,38.23 2 1
final-project-enigma-clean/delivery/controller/type_asset_controller.go:21.53,26.3 2 1
final-project-enigma-clean/delivery/controller/type_asset_controller.go:29.16,34.3 2 1
final-project-enigma-clean/delivery/controller/type_asset_controller.go:40.68,47.16 4 0
final-project-enigma-clean/delivery/controller/type_asset_controller.go:53.2,58.23 2 0
final-project-enigma-clean/delivery/controller/type_asset_controller.go:47.16,52.3 2 0
final-project-enigma-clean/delivery/controller/type_asset_controller.go:60.73,63.16 3 1
final-project-enigma-clean/delivery/controller/type_asset_controller.go:69.2,73.23 2 1
final-project-enigma-clean/delivery/controller/type_asset_controller.go:63.16,68.3 2 1
final-project-enigma-clean/delivery/controller/type_asset_controller.go:76.75,79.16 3 1
final-project-enigma-clean/delivery/controller/type_asset_controller.go:85.2,89.23 2 1
final-project-enigma-clean/delivery/controller/type_asset_controller.go:79.16,84.3 2 1
final-project-enigma-clean/delivery/controller/type_asset_controller.go:91.70,93.53 2 1
final-project-enigma-clean/delivery/controller/type_asset_controller.go:99.2,100.16 2 1
final-project-enigma-clean/delivery/controller/type_asset_controller.go:106.2,108.4 1 1
final-project-enigma-clean/delivery/controller/type_asset_controller.go:93.53,98.3 2 1
final-project-enigma-clean/delivery/controller/type_asset_controller.go:100.16,105.3 2 1
final-project-enigma-clean/delivery/controller/type_asset_controller.go:110.70,112.49 2 1
final-project-enigma-clean/delivery/controller/type_asset_controller.go:118.2,121.4 2 1
final-project-enigma-clean/delivery/controller/type_asset_controller.go:112.49,117.3 2 1
final-project-enigma-clean/delivery/controller/type_asset_controller.go:123.39,130.2 6 1
final-project-enigma-clean/delivery/controller/type_asset_controller.go:132.109,137.2 1 1
final-project-enigma-clean/delivery/controller/user-credentials-controller.go:20.62,24.54 2 1
final-project-enigma-clean/delivery/controller/user-credentials-controller.go:29.2,29.58 1 1
final-project-enigma-clean/delivery/controller/user-credentials-controller.go:34.2,34.56 1 1
final-project-enigma-clean/delivery/controller/user-credentials-controller.go:24.54,27.3 2 0
final-project-enigma-clean/delivery/controller/user-credentials-controller.go:29.58,32.3 2 1
final-project-enigma-clean/delivery/controller/user-credentials-controller.go:38.59,42.53 2 1
final-project-enigma-clean/delivery/controller/user-credentials-controller.go:47.2,48.16 2 1
final-project-enigma-clean/delivery/controller/user-credentials-controller.go:53.2,55.94 2 1
final-project-enigma-clean/delivery/controller/user-credentials-controller.go:42.53,45.3 2 0
final-project-enigma-clean/delivery/controller/user-credentials-controller.go:48.16,51.3 2 0
final-project-enigma-clean/delivery/controller/user-credentials-controller.go:59.58,67.51 2 1
final-project-enigma-clean/delivery/controller/user-credentials-controller.go:73.2,74.13 2 1
final-project-enigma-clean/delivery/controller/user-credentials-controller.go:80.2,80.30 1 1
final-project-enigma-clean/delivery/controller/user-credentials-controller.go:67.51,70.3 2 0
final-project-enigma-clean/delivery/controller/user-credentials-controller.go:74.13,77.3 2 1
final-project-enigma-clean/delivery/controller/user-credentials-controller.go:80.30,82.17 2 1
final-project-enigma-clean/delivery/controller/user-credentials-controller.go:86.3,88.69 2 1
final-project-enigma-clean/delivery/controller/user-credentials-controller.go:82.17,85.4 2 0
final-project-enigma-clean/delivery/controller/user-credentials-controller.go:92.64,96.53 2 1
final-project-enigma-clean/delivery/controller/user-credentials-controller.go:102.2,103.16 2 1
final-project-enigma-clean/delivery/controller/user-credentials-controller.go:108.2,108.130 1 1
final-project-enigma-clean/delivery/controller/user-credentials-controller.go:96.53,99.3 2 1
final-project-enigma-clean/delivery/controller/user-credentials-controller.go:103.16,106.3 2 0
final-project-enigma-clean/delivery/controller/user-credentials-controller.go:111.63,121.51 2 0
final-project-enigma-clean/delivery/controller/user-credentials-controller.go:127.2,131.13 3 0
final-project-enigma-clean/delivery/controller/user-credentials-controller.go:137.2,137.30 1 0
final-project-enigma-clean/delivery/controller/user-credentials-controller.go:121.51,124.3 2 0
final-project-enigma-clean/delivery/controller/user-credentials-controller.go:131.13,134.3 2 0
final-project-enigma-clean/delivery/controller/user-credentials-controller.go:137.30,142.17 3 0
final-project-enigma-clean/delivery/controller/user-credentials-controller.go:148.3,148.103 1 0
final-project-enigma-clean/delivery/controller/user-credentials-controller.go:154.3,155.17 2 0
final-project-enigma-clean/delivery/controller/user-credentials-controller.go:160.3,160.80 1 0
final-project-enigma-clean/delivery/controller/user-credentials-controller.go:165.3,165.64 1 0
final-project-enigma-clean/delivery/controller/user-credentials-controller.go:142.17,145.4 2 0
final-project-enigma-clean/delivery/controller/user-credentials-controller.go:148.103,151.4 2 0
final-project-enigma-clean/delivery/controller/user-credentials-controller.go:155.17,158.4 2 0
final-project-enigma-clean/delivery/controller/user-credentials-controller.go:160.80,163.4 2 0
final-project-enigma-clean/delivery/controller/user-credentials-controller.go:169.60,173.51 2 0
final-project-enigma-clean/delivery/controller/user-credentials-controller.go:178.2,179.16 2 0
final-project-enigma-clean/delivery/controller/user-credentials-controller.go:184.2,185.95 2 0
final-project-enigma-clean/delivery/controller/user-credentials-controller.go:173.51,176.3 2 0
final-project-enigma-clean/delivery/controller/user-credentials-controller.go:179.16,182.3 2 0
final-project-enigma-clean/delivery/controller/user-credentials-controller.go:188.63,192.51 2 1
final-project-enigma-clean/delivery/controller/user-credentials-controller.go:197.2,201.13 3 0
final-project-enigma-clean/delivery/controller/user-credentials-controller.go:206.2,206.30 1 0
final-project-enigma-clean/delivery/controller/user-credentials-controller.go:216.2,216.42 1 0
final-project-enigma-clean/delivery/controller/user-credentials-controller.go:192.51,195.3 2 1
final-project-enigma-clean/delivery/controller/user-credentials-controller.go:201.13,204.3 2 0
final-project-enigma-clean/delivery/controller/user-credentials-controller.go:206.30,208.116 1 0
final-project-enigma-clean/delivery/controller/user-credentials-controller.go:214.3,214.40 1 0
final-project-enigma-clean/delivery/controller/user-credentials-controller.go:208.116,211.4 2 0
final-project-enigma-clean/delivery/controller/user-credentials-controller.go:220.34,221.2 1 1
final-project-enigma-clean/delivery/controller/user-credentials-controller.go:221.2,229.3 7 1
final-project-enigma-clean/delivery/controller/user-credentials-controller.go:232.99,237.2 1 1
