mode: set
final-project-enigma-clean/delivery/controller/user-credentials-controller.go:19.62,23.54 2 0
final-project-enigma-clean/delivery/controller/user-credentials-controller.go:23.54,26.3 2 0
final-project-enigma-clean/delivery/controller/user-credentials-controller.go:28.2,28.58 1 0
final-project-enigma-clean/delivery/controller/user-credentials-controller.go:28.58,31.3 2 0
final-project-enigma-clean/delivery/controller/user-credentials-controller.go:33.2,33.56 1 0
final-project-enigma-clean/delivery/controller/user-credentials-controller.go:38.59,42.53 2 0
final-project-enigma-clean/delivery/controller/user-credentials-controller.go:42.53,45.3 2 0
final-project-enigma-clean/delivery/controller/user-credentials-controller.go:47.2,48.16 2 0
final-project-enigma-clean/delivery/controller/user-credentials-controller.go:48.16,51.3 2 0
final-project-enigma-clean/delivery/controller/user-credentials-controller.go:54.2,55.16 2 0
final-project-enigma-clean/delivery/controller/user-credentials-controller.go:55.16,58.3 2 0
final-project-enigma-clean/delivery/controller/user-credentials-controller.go:60.2,61.69 2 0
final-project-enigma-clean/delivery/controller/user-credentials-controller.go:65.34,70.2 2 0
final-project-enigma-clean/delivery/controller/user-credentials-controller.go:70.2,73.3 2 0
final-project-enigma-clean/delivery/controller/user-credentials-controller.go:76.93,81.2 1 0
final-project-enigma-clean/repository/asset_repository.go:21.51,26.16 3 1
final-project-enigma-clean/repository/asset_repository.go:26.16,28.3 1 1
final-project-enigma-clean/repository/asset_repository.go:30.2,30.12 1 1
final-project-enigma-clean/repository/asset_repository.go:34.60,43.16 3 1
final-project-enigma-clean/repository/asset_repository.go:43.16,45.3 1 1
final-project-enigma-clean/repository/asset_repository.go:47.2,48.18 2 1
final-project-enigma-clean/repository/asset_repository.go:48.18,52.3 3 1
final-project-enigma-clean/repository/asset_repository.go:53.2,53.23 1 1
final-project-enigma-clean/repository/asset_repository.go:53.23,55.3 1 1
final-project-enigma-clean/repository/asset_repository.go:58.2,58.20 1 1
final-project-enigma-clean/repository/asset_repository.go:62.68,72.16 5 1
final-project-enigma-clean/repository/asset_repository.go:72.16,74.3 1 1
final-project-enigma-clean/repository/asset_repository.go:76.2,76.19 1 1
final-project-enigma-clean/repository/asset_repository.go:80.64,84.16 3 1
final-project-enigma-clean/repository/asset_repository.go:84.16,86.3 1 1
final-project-enigma-clean/repository/asset_repository.go:88.2,88.12 1 1
final-project-enigma-clean/repository/asset_repository.go:92.66,96.15 3 1
final-project-enigma-clean/repository/asset_repository.go:96.15,98.3 1 1
final-project-enigma-clean/repository/asset_repository.go:100.2,100.12 1 1
final-project-enigma-clean/repository/asset_repository.go:103.53,107.2 1 1
final-project-enigma-clean/repository/user-credentials-repo-mock.go:12.96,15.2 2 0
final-project-enigma-clean/repository/user-credentials-repo-mock.go:17.110,20.2 2 0
final-project-enigma-clean/repository/user-credentials-repo-mock.go:22.92,25.2 2 0
final-project-enigma-clean/repository/user-credentials-repository.go:20.86,27.16 4 1
final-project-enigma-clean/repository/user-credentials-repository.go:27.16,29.3 1 1
final-project-enigma-clean/repository/user-credentials-repository.go:31.2,31.12 1 1
final-project-enigma-clean/repository/user-credentials-repository.go:35.90,41.16 4 1
final-project-enigma-clean/repository/user-credentials-repository.go:41.16,43.27 1 1
final-project-enigma-clean/repository/user-credentials-repository.go:43.27,45.4 1 1
final-project-enigma-clean/repository/user-credentials-repository.go:46.3,46.17 1 0
final-project-enigma-clean/repository/user-credentials-repository.go:48.2,48.28 1 1
final-project-enigma-clean/repository/user-credentials-repository.go:52.95,58.16 4 1
final-project-enigma-clean/repository/user-credentials-repository.go:58.16,60.27 1 1
final-project-enigma-clean/repository/user-credentials-repository.go:60.27,62.4 1 1
final-project-enigma-clean/repository/user-credentials-repository.go:63.3,63.86 1 0
final-project-enigma-clean/repository/user-credentials-repository.go:66.2,66.18 1 1
final-project-enigma-clean/repository/user-credentials-repository.go:69.69,73.2 1 1
final-project-enigma-clean/usecase/user-credentials-usecase.go:22.80,28.16 3 1
final-project-enigma-clean/usecase/user-credentials-usecase.go:28.16,30.56 2 0
final-project-enigma-clean/usecase/user-credentials-usecase.go:30.56,31.54 1 0
final-project-enigma-clean/usecase/user-credentials-usecase.go:31.54,33.10 2 0
final-project-enigma-clean/usecase/user-credentials-usecase.go:36.3,36.19 1 0
final-project-enigma-clean/usecase/user-credentials-usecase.go:36.19,39.4 2 0
final-project-enigma-clean/usecase/user-credentials-usecase.go:43.2,43.28 1 1
final-project-enigma-clean/usecase/user-credentials-usecase.go:43.28,45.3 1 0
final-project-enigma-clean/usecase/user-credentials-usecase.go:46.2,46.46 1 1
final-project-enigma-clean/usecase/user-credentials-usecase.go:46.46,48.3 1 0
final-project-enigma-clean/usecase/user-credentials-usecase.go:50.2,50.48 1 1
final-project-enigma-clean/usecase/user-credentials-usecase.go:50.48,52.3 1 0
final-project-enigma-clean/usecase/user-credentials-usecase.go:55.2,59.16 3 1
final-project-enigma-clean/usecase/user-credentials-usecase.go:59.16,61.3 1 0
final-project-enigma-clean/usecase/user-credentials-usecase.go:62.2,65.57 2 1
final-project-enigma-clean/usecase/user-credentials-usecase.go:65.57,67.3 1 1
final-project-enigma-clean/usecase/user-credentials-usecase.go:70.2,71.12 2 1
final-project-enigma-clean/usecase/user-credentials-usecase.go:75.89,79.27 1 0
final-project-enigma-clean/usecase/user-credentials-usecase.go:79.27,81.3 1 0
final-project-enigma-clean/usecase/user-credentials-usecase.go:84.2,85.16 2 0
final-project-enigma-clean/usecase/user-credentials-usecase.go:85.16,87.3 1 0
final-project-enigma-clean/usecase/user-credentials-usecase.go:90.2,90.81 1 0
final-project-enigma-clean/usecase/user-credentials-usecase.go:90.81,92.3 1 0
final-project-enigma-clean/usecase/user-credentials-usecase.go:95.2,95.21 1 0
final-project-enigma-clean/usecase/user-credentials-usecase.go:98.101,101.2 1 0
final-project-enigma-clean/usecase/user-credentials-usecase.go:103.104,107.2 1 1
