mode: set
final-project-enigma-clean/usecase/asset_usecase.go:27.65,28.24 1 1
final-project-enigma-clean/usecase/asset_usecase.go:28.24,30.3 1 1
final-project-enigma-clean/usecase/asset_usecase.go:31.2,31.59 1 1
final-project-enigma-clean/usecase/asset_usecase.go:31.59,33.3 1 1
final-project-enigma-clean/usecase/asset_usecase.go:34.2,34.24 1 1
final-project-enigma-clean/usecase/asset_usecase.go:34.24,36.3 1 1
final-project-enigma-clean/usecase/asset_usecase.go:37.2,37.26 1 1
final-project-enigma-clean/usecase/asset_usecase.go:37.26,39.3 1 1
final-project-enigma-clean/usecase/asset_usecase.go:42.2,43.16 2 1
final-project-enigma-clean/usecase/asset_usecase.go:43.16,45.3 1 1
final-project-enigma-clean/usecase/asset_usecase.go:50.2,53.16 4 1
final-project-enigma-clean/usecase/asset_usecase.go:53.16,55.3 1 0
final-project-enigma-clean/usecase/asset_usecase.go:57.2,57.12 1 0
final-project-enigma-clean/usecase/asset_usecase.go:61.48,64.16 2 1
final-project-enigma-clean/usecase/asset_usecase.go:64.16,66.3 1 1
final-project-enigma-clean/usecase/asset_usecase.go:68.2,69.16 2 1
final-project-enigma-clean/usecase/asset_usecase.go:69.16,71.3 1 1
final-project-enigma-clean/usecase/asset_usecase.go:73.2,73.12 1 1
final-project-enigma-clean/usecase/asset_usecase.go:77.57,79.16 2 1
final-project-enigma-clean/usecase/asset_usecase.go:79.16,81.3 1 1
final-project-enigma-clean/usecase/asset_usecase.go:82.2,82.20 1 1
final-project-enigma-clean/usecase/asset_usecase.go:86.65,88.16 2 1
final-project-enigma-clean/usecase/asset_usecase.go:88.16,90.3 1 1
final-project-enigma-clean/usecase/asset_usecase.go:92.2,92.19 1 1
final-project-enigma-clean/usecase/asset_usecase.go:96.65,97.24 1 1
final-project-enigma-clean/usecase/asset_usecase.go:97.24,99.3 1 1
final-project-enigma-clean/usecase/asset_usecase.go:100.2,100.59 1 1
final-project-enigma-clean/usecase/asset_usecase.go:100.59,102.3 1 1
final-project-enigma-clean/usecase/asset_usecase.go:103.2,103.24 1 1
final-project-enigma-clean/usecase/asset_usecase.go:103.24,105.3 1 1
final-project-enigma-clean/usecase/asset_usecase.go:106.2,106.26 1 1
final-project-enigma-clean/usecase/asset_usecase.go:106.26,108.3 1 1
final-project-enigma-clean/usecase/asset_usecase.go:113.2,114.16 2 1
final-project-enigma-clean/usecase/asset_usecase.go:114.16,116.3 1 1
final-project-enigma-clean/usecase/asset_usecase.go:118.2,119.16 2 1
final-project-enigma-clean/usecase/asset_usecase.go:119.16,121.3 1 1
final-project-enigma-clean/usecase/asset_usecase.go:123.2,124.16 2 1
final-project-enigma-clean/usecase/asset_usecase.go:124.16,126.3 1 1
final-project-enigma-clean/usecase/asset_usecase.go:128.2,128.12 1 1
final-project-enigma-clean/usecase/asset_usecase.go:131.103,136.2 1 1
final-project-enigma-clean/usecase/type_asset_usecase.go:26.73,28.16 2 0
final-project-enigma-clean/usecase/type_asset_usecase.go:28.16,30.3 1 0
final-project-enigma-clean/usecase/type_asset_usecase.go:31.2,31.23 1 0
final-project-enigma-clean/usecase/type_asset_usecase.go:36.69,37.24 1 0
final-project-enigma-clean/usecase/type_asset_usecase.go:37.24,39.3 1 0
final-project-enigma-clean/usecase/type_asset_usecase.go:40.2,42.16 3 0
final-project-enigma-clean/usecase/type_asset_usecase.go:42.16,44.3 1 0
final-project-enigma-clean/usecase/type_asset_usecase.go:45.2,45.12 1 0
final-project-enigma-clean/usecase/type_asset_usecase.go:49.52,51.16 2 0
final-project-enigma-clean/usecase/type_asset_usecase.go:51.16,53.3 1 0
final-project-enigma-clean/usecase/type_asset_usecase.go:54.2,55.16 2 0
final-project-enigma-clean/usecase/type_asset_usecase.go:55.16,57.3 1 0
final-project-enigma-clean/usecase/type_asset_usecase.go:58.2,58.12 1 0
final-project-enigma-clean/usecase/type_asset_usecase.go:62.65,64.16 2 0
final-project-enigma-clean/usecase/type_asset_usecase.go:64.16,66.3 1 0
final-project-enigma-clean/usecase/type_asset_usecase.go:67.2,67.23 1 0
final-project-enigma-clean/usecase/type_asset_usecase.go:71.79,73.16 2 0
final-project-enigma-clean/usecase/type_asset_usecase.go:73.16,75.3 1 0
final-project-enigma-clean/usecase/type_asset_usecase.go:76.2,76.23 1 0
final-project-enigma-clean/usecase/type_asset_usecase.go:81.99,83.2 1 0
final-project-enigma-clean/usecase/type_asset_usecase.go:86.66,87.24 1 0
final-project-enigma-clean/usecase/type_asset_usecase.go:87.24,89.3 1 0
final-project-enigma-clean/usecase/type_asset_usecase.go:90.2,91.16 2 0
final-project-enigma-clean/usecase/type_asset_usecase.go:91.16,93.3 1 0
final-project-enigma-clean/usecase/type_asset_usecase.go:94.2,95.16 2 0
final-project-enigma-clean/usecase/type_asset_usecase.go:95.16,97.3 1 0
final-project-enigma-clean/usecase/type_asset_usecase.go:98.2,98.12 1 0
final-project-enigma-clean/usecase/type_asset_usecase.go:101.80,105.2 1 0
final-project-enigma-clean/usecase/user-credentials-usecase.go:23.80,29.16 3 0
final-project-enigma-clean/usecase/user-credentials-usecase.go:29.16,31.56 2 0
final-project-enigma-clean/usecase/user-credentials-usecase.go:31.56,32.54 1 0
final-project-enigma-clean/usecase/user-credentials-usecase.go:32.54,34.10 2 0
final-project-enigma-clean/usecase/user-credentials-usecase.go:37.3,37.19 1 0
final-project-enigma-clean/usecase/user-credentials-usecase.go:37.19,40.4 2 0
final-project-enigma-clean/usecase/user-credentials-usecase.go:44.2,44.28 1 0
final-project-enigma-clean/usecase/user-credentials-usecase.go:44.28,46.3 1 0
final-project-enigma-clean/usecase/user-credentials-usecase.go:47.2,47.46 1 0
final-project-enigma-clean/usecase/user-credentials-usecase.go:47.46,49.3 1 0
final-project-enigma-clean/usecase/user-credentials-usecase.go:51.2,51.48 1 0
final-project-enigma-clean/usecase/user-credentials-usecase.go:51.48,53.3 1 0
final-project-enigma-clean/usecase/user-credentials-usecase.go:56.2,60.16 3 0
final-project-enigma-clean/usecase/user-credentials-usecase.go:60.16,62.3 1 0
final-project-enigma-clean/usecase/user-credentials-usecase.go:63.2,66.57 2 0
final-project-enigma-clean/usecase/user-credentials-usecase.go:66.57,68.3 1 0
final-project-enigma-clean/usecase/user-credentials-usecase.go:71.2,72.12 2 0
final-project-enigma-clean/usecase/user-credentials-usecase.go:76.89,80.27 1 0
final-project-enigma-clean/usecase/user-credentials-usecase.go:80.27,82.3 1 0
final-project-enigma-clean/usecase/user-credentials-usecase.go:85.2,86.16 2 0
final-project-enigma-clean/usecase/user-credentials-usecase.go:86.16,88.3 1 0
final-project-enigma-clean/usecase/user-credentials-usecase.go:91.2,91.81 1 0
final-project-enigma-clean/usecase/user-credentials-usecase.go:91.81,93.3 1 0
final-project-enigma-clean/usecase/user-credentials-usecase.go:96.2,96.21 1 0
final-project-enigma-clean/usecase/user-credentials-usecase.go:99.101,102.2 1 0
final-project-enigma-clean/usecase/user-credentials-usecase.go:104.104,108.2 1 0
