mode: set
final-project-enigma-clean/repository/asset_repository.go:22.74,30.16 3 0
final-project-enigma-clean/repository/asset_repository.go:30.16,32.3 1 0
final-project-enigma-clean/repository/asset_repository.go:34.2,35.18 2 0
final-project-enigma-clean/repository/asset_repository.go:35.18,39.3 3 0
final-project-enigma-clean/repository/asset_repository.go:40.2,40.23 1 0
final-project-enigma-clean/repository/asset_repository.go:40.23,42.3 1 0
final-project-enigma-clean/repository/asset_repository.go:44.2,44.20 1 0
final-project-enigma-clean/repository/asset_repository.go:49.51,54.16 3 1
final-project-enigma-clean/repository/asset_repository.go:54.16,56.3 1 1
final-project-enigma-clean/repository/asset_repository.go:58.2,58.12 1 1
final-project-enigma-clean/repository/asset_repository.go:62.60,71.16 3 1
final-project-enigma-clean/repository/asset_repository.go:71.16,73.3 1 1
final-project-enigma-clean/repository/asset_repository.go:75.2,76.18 2 1
final-project-enigma-clean/repository/asset_repository.go:76.18,80.3 3 1
final-project-enigma-clean/repository/asset_repository.go:81.2,81.23 1 1
final-project-enigma-clean/repository/asset_repository.go:81.23,83.3 1 1
final-project-enigma-clean/repository/asset_repository.go:85.2,85.20 1 1
final-project-enigma-clean/repository/asset_repository.go:89.68,99.16 5 1
final-project-enigma-clean/repository/asset_repository.go:99.16,101.3 1 1
final-project-enigma-clean/repository/asset_repository.go:103.2,103.19 1 1
final-project-enigma-clean/repository/asset_repository.go:107.64,111.16 3 1
final-project-enigma-clean/repository/asset_repository.go:111.16,113.3 1 1
final-project-enigma-clean/repository/asset_repository.go:115.2,115.12 1 1
final-project-enigma-clean/repository/asset_repository.go:119.66,123.16 3 1
final-project-enigma-clean/repository/asset_repository.go:123.16,125.3 1 1
final-project-enigma-clean/repository/asset_repository.go:127.2,127.12 1 1
final-project-enigma-clean/repository/asset_repository.go:130.53,134.2 1 1
final-project-enigma-clean/repository/category_repository.go:21.74,25.16 4 1
final-project-enigma-clean/repository/category_repository.go:25.16,27.3 1 1
final-project-enigma-clean/repository/category_repository.go:29.2,29.22 1 1
final-project-enigma-clean/repository/category_repository.go:34.54,36.16 2 1
final-project-enigma-clean/repository/category_repository.go:36.16,38.3 1 1
final-project-enigma-clean/repository/category_repository.go:39.2,39.12 1 1
final-project-enigma-clean/repository/category_repository.go:43.66,45.16 2 1
final-project-enigma-clean/repository/category_repository.go:45.16,47.3 1 1
final-project-enigma-clean/repository/category_repository.go:48.2,49.18 2 1
final-project-enigma-clean/repository/category_repository.go:49.18,53.3 3 1
final-project-enigma-clean/repository/category_repository.go:54.2,54.23 1 1
final-project-enigma-clean/repository/category_repository.go:54.23,56.3 1 1
final-project-enigma-clean/repository/category_repository.go:57.2,57.24 1 1
final-project-enigma-clean/repository/category_repository.go:61.66,63.16 2 1
final-project-enigma-clean/repository/category_repository.go:63.16,65.3 1 1
final-project-enigma-clean/repository/category_repository.go:66.2,66.12 1 1
final-project-enigma-clean/repository/category_repository.go:70.68,72.16 2 1
final-project-enigma-clean/repository/category_repository.go:72.16,74.3 1 1
final-project-enigma-clean/repository/category_repository.go:75.2,75.12 1 1
final-project-enigma-clean/repository/category_repository.go:78.59,82.2 1 1
final-project-enigma-clean/repository/manage_asset_repository.go:20.96,31.11 1 0
final-project-enigma-clean/repository/manage_asset_repository.go:35.83,47.16 3 0
final-project-enigma-clean/repository/manage_asset_repository.go:47.16,49.3 1 0
final-project-enigma-clean/repository/manage_asset_repository.go:51.2,52.18 2 0
final-project-enigma-clean/repository/manage_asset_repository.go:52.18,63.3 3 0
final-project-enigma-clean/repository/manage_asset_repository.go:64.2,64.23 1 0
final-project-enigma-clean/repository/manage_asset_repository.go:64.23,66.3 1 0
final-project-enigma-clean/repository/manage_asset_repository.go:68.2,68.26 1 0
final-project-enigma-clean/repository/manage_asset_repository.go:72.89,77.16 3 0
final-project-enigma-clean/repository/manage_asset_repository.go:77.16,79.3 1 0
final-project-enigma-clean/repository/manage_asset_repository.go:80.2,81.16 2 0
final-project-enigma-clean/repository/manage_asset_repository.go:81.16,83.3 1 0
final-project-enigma-clean/repository/manage_asset_repository.go:85.2,86.49 2 0
final-project-enigma-clean/repository/manage_asset_repository.go:86.49,88.17 2 0
final-project-enigma-clean/repository/manage_asset_repository.go:88.17,90.4 1 0
final-project-enigma-clean/repository/manage_asset_repository.go:92.2,93.12 2 0
final-project-enigma-clean/repository/manage_asset_repository.go:96.65,100.2 1 0
final-project-enigma-clean/repository/staff_repository.go:25.58,27.16 2 0
final-project-enigma-clean/repository/staff_repository.go:27.16,29.3 1 0
final-project-enigma-clean/repository/staff_repository.go:30.2,30.12 1 0
final-project-enigma-clean/repository/staff_repository.go:34.62,37.16 2 0
final-project-enigma-clean/repository/staff_repository.go:37.16,39.3 1 0
final-project-enigma-clean/repository/staff_repository.go:40.2,41.18 2 0
final-project-enigma-clean/repository/staff_repository.go:41.18,44.17 3 0
final-project-enigma-clean/repository/staff_repository.go:44.17,46.4 1 0
final-project-enigma-clean/repository/staff_repository.go:47.3,47.33 1 0
final-project-enigma-clean/repository/staff_repository.go:49.2,49.20 1 0
final-project-enigma-clean/repository/staff_repository.go:53.75,57.16 4 0
final-project-enigma-clean/repository/staff_repository.go:57.16,59.3 1 0
final-project-enigma-clean/repository/staff_repository.go:60.2,60.19 1 0
final-project-enigma-clean/repository/staff_repository.go:64.74,66.16 2 0
final-project-enigma-clean/repository/staff_repository.go:66.16,68.3 1 0
final-project-enigma-clean/repository/staff_repository.go:69.2,70.18 2 0
final-project-enigma-clean/repository/staff_repository.go:70.18,73.17 3 0
final-project-enigma-clean/repository/staff_repository.go:73.17,75.4 1 0
final-project-enigma-clean/repository/staff_repository.go:76.3,76.33 1 0
final-project-enigma-clean/repository/staff_repository.go:78.2,78.20 1 0
final-project-enigma-clean/repository/staff_repository.go:82.94,83.23 1 0
final-project-enigma-clean/repository/staff_repository.go:83.23,85.3 1 0
final-project-enigma-clean/repository/staff_repository.go:86.2,88.16 3 0
final-project-enigma-clean/repository/staff_repository.go:88.16,90.3 1 0
final-project-enigma-clean/repository/staff_repository.go:92.2,93.18 2 0
final-project-enigma-clean/repository/staff_repository.go:93.18,96.17 3 0
final-project-enigma-clean/repository/staff_repository.go:96.17,98.4 1 0
final-project-enigma-clean/repository/staff_repository.go:99.3,99.33 1 0
final-project-enigma-clean/repository/staff_repository.go:101.2,103.41 3 0
final-project-enigma-clean/repository/staff_repository.go:103.41,105.3 1 0
final-project-enigma-clean/repository/staff_repository.go:107.2,114.28 2 0
final-project-enigma-clean/repository/staff_repository.go:119.59,121.16 2 0
final-project-enigma-clean/repository/staff_repository.go:121.16,123.3 1 0
final-project-enigma-clean/repository/staff_repository.go:124.2,124.12 1 0
final-project-enigma-clean/repository/staff_repository.go:128.61,130.16 2 0
final-project-enigma-clean/repository/staff_repository.go:130.16,132.3 1 0
final-project-enigma-clean/repository/staff_repository.go:133.2,133.12 1 0
final-project-enigma-clean/repository/staff_repository.go:136.53,140.2 1 0
final-project-enigma-clean/repository/type_asset_repository.go:25.76,29.16 4 1
final-project-enigma-clean/repository/type_asset_repository.go:29.16,31.3 1 1
final-project-enigma-clean/repository/type_asset_repository.go:33.2,33.23 1 1
final-project-enigma-clean/repository/type_asset_repository.go:38.55,40.16 2 1
final-project-enigma-clean/repository/type_asset_repository.go:40.16,42.3 1 1
final-project-enigma-clean/repository/type_asset_repository.go:43.2,43.12 1 1
final-project-enigma-clean/repository/type_asset_repository.go:47.68,49.16 2 1
final-project-enigma-clean/repository/type_asset_repository.go:49.16,51.3 1 1
final-project-enigma-clean/repository/type_asset_repository.go:52.2,53.18 2 1
final-project-enigma-clean/repository/type_asset_repository.go:53.18,57.3 3 1
final-project-enigma-clean/repository/type_asset_repository.go:58.2,58.23 1 1
final-project-enigma-clean/repository/type_asset_repository.go:58.23,60.3 1 1
final-project-enigma-clean/repository/type_asset_repository.go:61.2,61.24 1 1
final-project-enigma-clean/repository/type_asset_repository.go:65.82,67.16 2 1
final-project-enigma-clean/repository/type_asset_repository.go:67.16,69.3 1 1
final-project-enigma-clean/repository/type_asset_repository.go:70.2,71.18 2 1
final-project-enigma-clean/repository/type_asset_repository.go:71.18,75.3 3 1
final-project-enigma-clean/repository/type_asset_repository.go:76.2,76.23 1 1
final-project-enigma-clean/repository/type_asset_repository.go:76.23,78.3 1 1
final-project-enigma-clean/repository/type_asset_repository.go:79.2,79.24 1 1
final-project-enigma-clean/repository/type_asset_repository.go:84.102,85.23 1 1
final-project-enigma-clean/repository/type_asset_repository.go:85.23,87.3 1 1
final-project-enigma-clean/repository/type_asset_repository.go:88.2,90.16 3 1
final-project-enigma-clean/repository/type_asset_repository.go:90.16,92.3 1 1
final-project-enigma-clean/repository/type_asset_repository.go:94.2,95.18 2 1
final-project-enigma-clean/repository/type_asset_repository.go:95.18,98.17 3 1
final-project-enigma-clean/repository/type_asset_repository.go:98.17,100.4 1 1
final-project-enigma-clean/repository/type_asset_repository.go:101.3,101.45 1 1
final-project-enigma-clean/repository/type_asset_repository.go:103.2,105.41 3 1
final-project-enigma-clean/repository/type_asset_repository.go:105.41,107.3 1 1
final-project-enigma-clean/repository/type_asset_repository.go:109.2,116.32 2 1
final-project-enigma-clean/repository/type_asset_repository.go:121.67,123.16 2 1
final-project-enigma-clean/repository/type_asset_repository.go:123.16,125.3 1 1
final-project-enigma-clean/repository/type_asset_repository.go:126.2,126.12 1 1
final-project-enigma-clean/repository/type_asset_repository.go:130.69,132.16 2 1
final-project-enigma-clean/repository/type_asset_repository.go:132.16,134.3 1 1
final-project-enigma-clean/repository/type_asset_repository.go:135.2,135.12 1 1
final-project-enigma-clean/repository/type_asset_repository.go:138.61,142.2 1 1
final-project-enigma-clean/repository/user-credentials-repository.go:23.117,29.16 4 1
final-project-enigma-clean/repository/user-credentials-repository.go:29.16,31.27 1 0
final-project-enigma-clean/repository/user-credentials-repository.go:31.27,33.4 1 0
final-project-enigma-clean/repository/user-credentials-repository.go:34.3,34.91 1 0
final-project-enigma-clean/repository/user-credentials-repository.go:37.2,37.18 1 1
final-project-enigma-clean/repository/user-credentials-repository.go:41.86,48.16 4 1
final-project-enigma-clean/repository/user-credentials-repository.go:48.16,50.3 1 1
final-project-enigma-clean/repository/user-credentials-repository.go:52.2,52.12 1 1
final-project-enigma-clean/repository/user-credentials-repository.go:56.90,62.16 4 1
final-project-enigma-clean/repository/user-credentials-repository.go:62.16,64.27 1 1
final-project-enigma-clean/repository/user-credentials-repository.go:64.27,66.4 1 1
final-project-enigma-clean/repository/user-credentials-repository.go:67.3,67.17 1 0
final-project-enigma-clean/repository/user-credentials-repository.go:69.2,69.28 1 1
final-project-enigma-clean/repository/user-credentials-repository.go:73.95,79.16 4 1
final-project-enigma-clean/repository/user-credentials-repository.go:79.16,81.27 1 1
final-project-enigma-clean/repository/user-credentials-repository.go:81.27,83.4 1 1
final-project-enigma-clean/repository/user-credentials-repository.go:84.3,84.86 1 0
final-project-enigma-clean/repository/user-credentials-repository.go:87.2,87.18 1 1
final-project-enigma-clean/repository/user-credentials-repository.go:90.79,94.16 3 1
final-project-enigma-clean/repository/user-credentials-repository.go:94.16,96.3 1 0
final-project-enigma-clean/repository/user-credentials-repository.go:97.2,97.12 1 1
final-project-enigma-clean/repository/user-credentials-repository.go:100.81,107.16 4 1
final-project-enigma-clean/repository/user-credentials-repository.go:107.16,109.3 1 0
final-project-enigma-clean/repository/user-credentials-repository.go:110.2,110.26 1 1
final-project-enigma-clean/repository/user-credentials-repository.go:113.70,121.16 4 1
final-project-enigma-clean/repository/user-credentials-repository.go:121.16,124.3 2 0
final-project-enigma-clean/repository/user-credentials-repository.go:125.2,125.18 1 1
final-project-enigma-clean/repository/user-credentials-repository.go:128.69,132.2 1 1
